<?xml version="1.0" encoding="UTF-8"?>
<testng-results ignored="0" total="1" passed="1" failed="0" skipped="0">
  <reporter-output>
  </reporter-output>
  <suite started-at="2024-10-10T09:49:51 UTC" name="Default suite" finished-at="2024-10-10T09:49:55 UTC" duration-ms="3422">
    <groups>
    </groups>
    <test started-at="2024-10-10T09:49:51 UTC" name="Default test" finished-at="2024-10-10T09:49:55 UTC" duration-ms="3422">
      <class name="pk_MyNotes.Delete_User">
        <test-method is-config="true" signature="login()[pri:0, instance:pk_MyNotes.Delete_User@74235045]" started-at="2024-10-10T09:49:51 UTC" name="login" finished-at="2024-10-10T09:49:54 UTC" duration-ms="3109" status="PASS">
          <reporter-output>
          </reporter-output>
        </test-method> <!-- login -->
        <test-method signature="delete()[pri:0, instance:pk_MyNotes.Delete_User@74235045]" started-at="2024-10-10T09:49:54 UTC" name="delete" finished-at="2024-10-10T09:49:55 UTC" duration-ms="277" status="PASS">
          <reporter-output>
          </reporter-output>
        </test-method> <!-- delete -->
      </class> <!-- pk_MyNotes.Delete_User -->
    </test> <!-- Default test -->
  </suite> <!-- Default suite -->
</testng-results>
